<?xml version="1.0" encoding="UTF-8"?>
<!-- Generated by org.testng.reporters.JUnitReportReporter -->
<testsuite hostname="DESKTOP-K769H3K" failures="0" tests="3" name="com.bsu.framework.test.LoginTests" time="43.558" errors="0" timestamp="22 дек. 2020 18:10:55 GMT" skipped="0">
  <testcase classname="com.bsu.framework.test.LoginTests" name="createAccountWithIncorrectPasswordTypeTest" time="11.318"/>
  <testcase classname="com.bsu.framework.test.LoginTests" name="loginWithInvalidPasswordTest" time="15.770"/>
  <testcase classname="com.bsu.framework.test.LoginTests" name="loginWithInvalidLoginTest" time="16.470"/>
</testsuite> <!-- com.bsu.framework.test.LoginTests -->
