<?xml version="1.0" encoding="UTF-8"?>
<!-- Generated by org.testng.reporters.JUnitReportReporter -->
<testsuite hostname="DESKTOP-K769H3K" failures="0" tests="5" name="com.bsu.framework.test.SearchResultsTests" time="77.109" errors="0" timestamp="22 дек. 2020 18:10:55 GMT" skipped="0">
  <testcase classname="com.bsu.framework.test.SearchResultsTests" name="searchResultsSortByNameDownTest" time="14.987"/>
  <testcase classname="com.bsu.framework.test.SearchResultsTests" name="searchResultsSortByNameUpTest" time="15.760"/>
  <testcase classname="com.bsu.framework.test.SearchResultsTests" name="searchResultsSortByBestSalesTest" time="15.840"/>
  <testcase classname="com.bsu.framework.test.SearchResultsTests" name="searchResultsExcludeOutOfStockItems" time="15.821"/>
  <testcase classname="com.bsu.framework.test.SearchResultsTests" name="searchResultsSortByNewestDateTest" time="14.701"/>
</testsuite> <!-- com.bsu.framework.test.SearchResultsTests -->
