<?xml version="1.0" encoding="UTF-8"?>
<!-- Generated by org.testng.reporters.JUnitReportReporter -->
<testsuite hostname="DESKTOP-K769H3K" failures="0" tests="6" name="com.bsu.framework.test.CartTests" time="114.485" errors="0" timestamp="22 дек. 2020 18:10:55 GMT" skipped="0">
  <testcase classname="com.bsu.framework.test.CartTests" name="savingItemsInTheCartTest" time="22.134"/>
  <testcase classname="com.bsu.framework.test.CartTests" name="addToCartTest" time="15.265"/>
  <testcase classname="com.bsu.framework.test.CartTests" name="modifyItemQuantityInCartTest" time="20.185"/>
  <testcase classname="com.bsu.framework.test.CartTests" name="modifyItemQuantityInCartWithIncorrectDataTest" time="18.673"/>
  <testcase classname="com.bsu.framework.test.CartTests" name="proceedToCheckoutWithoutAuthenticationTest" time="19.143"/>
  <testcase classname="com.bsu.framework.test.CartTests" name="deleteFromCartTest" time="19.085"/>
</testsuite> <!-- com.bsu.framework.test.CartTests -->
